[2024-08-27 12:21:54 [32mINFO [0;39m restartedMain] [com.games.prick.PrickApplication] [36mStarting PrickApplication using Java 17.0.11 with PID 5296 (D:\prick\build\classes\java\main started by Administrator in D:\prick)[0;39m
[2024-08-27 12:21:54 [32mINFO [0;39m restartedMain] [com.games.prick.PrickApplication] [36mNo active profile set, falling back to 1 default profile: "default"[0;39m
[2024-08-27 12:21:54 [32mINFO [0;39m restartedMain] [org.springframework.boot.devtools.env.DevToolsPropertyDefaultsPostProcessor] [36mDevtools property defaults active! Set 'spring.devtools.add-properties' to 'false' to disable[0;39m
[2024-08-27 12:21:54 [32mINFO [0;39m restartedMain] [org.springframework.boot.devtools.env.DevToolsPropertyDefaultsPostProcessor] [36mFor additional web related logging consider setting the 'logging.level.web' property to 'DEBUG'[0;39m
[2024-08-27 12:21:55 [32mINFO [0;39m restartedMain] [org.springframework.data.repository.config.RepositoryConfigurationDelegate] [36mBootstrapping Spring Data JPA repositories in DEFAULT mode.[0;39m
[2024-08-27 12:21:55 [32mINFO [0;39m restartedMain] [org.springframework.data.repository.config.RepositoryConfigurationDelegate] [36mFinished Spring Data repository scanning in 92 ms. Found 4 JPA repository interfaces.[0;39m
[2024-08-27 12:21:55 [33mWARN [0;39m restartedMain] [org.mybatis.spring.mapper.ClassPathMapperScanner] [36mNo MyBatis mapper was found in '[com.games.prick]' package. Please check your configuration.[0;39m
[2024-08-27 12:21:56 [32mINFO [0;39m restartedMain] [org.springframework.boot.web.embedded.tomcat.TomcatWebServer] [36mTomcat initialized with port 8080 (http)[0;39m
[2024-08-27 12:21:56 [32mINFO [0;39m restartedMain] [org.apache.coyote.http11.Http11NioProtocol] [36mInitializing ProtocolHandler ["http-nio-8080"][0;39m
[2024-08-27 12:21:56 [32mINFO [0;39m restartedMain] [org.apache.catalina.core.StandardService] [36mStarting service [Tomcat][0;39m
[2024-08-27 12:21:56 [32mINFO [0;39m restartedMain] [org.apache.catalina.core.StandardEngine] [36mStarting Servlet engine: [Apache Tomcat/10.1.26][0;39m
[2024-08-27 12:21:56 [32mINFO [0;39m restartedMain] [org.apache.catalina.core.ContainerBase.[Tomcat].[localhost].[/]] [36mInitializing Spring embedded WebApplicationContext[0;39m
[2024-08-27 12:21:56 [32mINFO [0;39m restartedMain] [org.springframework.boot.web.servlet.context.ServletWebServerApplicationContext] [36mRoot WebApplicationContext: initialization completed in 1512 ms[0;39m
[2024-08-27 12:21:56 [32mINFO [0;39m restartedMain] [org.hibernate.jpa.internal.util.LogHelper] [36mHHH000204: Processing PersistenceUnitInfo [name: default][0;39m
[2024-08-27 12:21:56 [32mINFO [0;39m restartedMain] [org.hibernate.Version] [36mHHH000412: Hibernate ORM core version 6.5.2.Final[0;39m
[2024-08-27 12:21:56 [32mINFO [0;39m restartedMain] [org.hibernate.cache.internal.RegionFactoryInitiator] [36mHHH000026: Second-level cache disabled[0;39m
[2024-08-27 12:21:56 [32mINFO [0;39m restartedMain] [org.springframework.orm.jpa.persistenceunit.SpringPersistenceUnitInfo] [36mNo LoadTimeWeaver setup: ignoring JPA class transformer[0;39m
[2024-08-27 12:21:56 [32mINFO [0;39m restartedMain] [com.zaxxer.hikari.HikariDataSource] [36mHikariPool-1 - Starting...[0;39m
[2024-08-27 12:21:56 [32mINFO [0;39m restartedMain] [com.zaxxer.hikari.pool.HikariPool] [36mHikariPool-1 - Added connection net.sf.log4jdbc.sql.jdbcapi.ConnectionSpy@1596737c[0;39m
[2024-08-27 12:21:56 [32mINFO [0;39m restartedMain] [com.zaxxer.hikari.HikariDataSource] [36mHikariPool-1 - Start completed.[0;39m
[2024-08-27 12:21:57 [32mDEBUG[0;39m restartedMain] [jdbc.sqltiming] [36m com.zaxxer.hikari.pool.ProxyStatement.executeQuery(ProxyStatement.java:110)
1. SELECT @@character_set_database, @@sql_mode
 {executed in 0 msec}[0;39m
[2024-08-27 12:21:57 [32mINFO [0;39m restartedMain] [org.hibernate.engine.transaction.jta.platform.internal.JtaPlatformInitiator] [36mHHH000489: No JTA platform available (set 'hibernate.transaction.jta.platform' to enable JTA platform integration)[0;39m
[2024-08-27 12:21:57 [32mDEBUG[0;39m restartedMain] [jdbc.sqltiming] [36m com.zaxxer.hikari.pool.ProxyStatement.execute(ProxyStatement.java:94)
1. alter table if exists feed_entity 
       drop 
       foreign key if exists FKdopmlck7ib5scd4bpyuqfi3cq
 {executed in 17 msec}[0;39m
[2024-08-27 12:21:57 [32mDEBUG[0;39m restartedMain] [jdbc.sqltiming] [36m com.zaxxer.hikari.pool.ProxyStatement.execute(ProxyStatement.java:94)
1. drop table if exists basic_in_for_entity
 {executed in 7 msec}[0;39m
[2024-08-27 12:21:57 [32mDEBUG[0;39m restartedMain] [jdbc.sqltiming] [36m com.zaxxer.hikari.pool.ProxyStatement.execute(ProxyStatement.java:94)
1. drop table if exists feed_entity
 {executed in 6 msec}[0;39m
[2024-08-27 12:21:57 [32mDEBUG[0;39m restartedMain] [jdbc.sqltiming] [36m com.zaxxer.hikari.pool.ProxyStatement.execute(ProxyStatement.java:94)
1. drop table if exists search_entity
 {executed in 4 msec}[0;39m
[2024-08-27 12:21:57 [32mDEBUG[0;39m restartedMain] [jdbc.sqltiming] [36m com.zaxxer.hikari.pool.ProxyStatement.execute(ProxyStatement.java:94)
1. drop table if exists user_entity
 {executed in 6 msec}[0;39m
[2024-08-27 12:21:57 [32mDEBUG[0;39m restartedMain] [jdbc.sqltiming] [36m com.zaxxer.hikari.pool.ProxyStatement.execute(ProxyStatement.java:94)
1. create table basic_in_for_entity (
        basic_id bigint not null auto_increment,
        character_id varchar(20),
        server_id varchar(20),
        primary key (basic_id)
    ) engine=InnoDB
 {executed in 7 msec}[0;39m
[2024-08-27 12:21:57 [32mDEBUG[0;39m restartedMain] [jdbc.sqltiming] [36m com.zaxxer.hikari.pool.ProxyStatement.execute(ProxyStatement.java:94)
1. create table feed_entity (
        feed_id bigint not null auto_increment,
        user_id bigint not null,
        location varchar(100),
        contents varchar(1000),
        primary key (feed_id)
    ) engine=InnoDB
 {executed in 6 msec}[0;39m
[2024-08-27 12:21:57 [32mDEBUG[0;39m restartedMain] [jdbc.sqltiming] [36m com.zaxxer.hikari.pool.ProxyStatement.execute(ProxyStatement.java:94)
1. create table search_entity (
        search_id bigint not null auto_increment,
        character_name varchar(20),
        server_id varchar(20),
        primary key (search_id)
    ) engine=InnoDB
 {executed in 6 msec}[0;39m
[2024-08-27 12:21:57 [32mDEBUG[0;39m restartedMain] [jdbc.sqltiming] [36m com.zaxxer.hikari.pool.ProxyStatement.execute(ProxyStatement.java:94)
1. create table user_entity (
        created_at datetime(6) not null,
        updated_at datetime(6) not null,
        user_id bigint not null auto_increment,
        nm varchar(50) not null,
        uid varchar(50) not null,
        upw varchar(100) not null,
        pic varchar(200),
        primary key (user_id)
    ) engine=InnoDB
 {executed in 6 msec}[0;39m
[2024-08-27 12:21:57 [32mDEBUG[0;39m restartedMain] [jdbc.sqltiming] [36m com.zaxxer.hikari.pool.ProxyStatement.execute(ProxyStatement.java:94)
1. alter table if exists feed_entity 
       add constraint FKdopmlck7ib5scd4bpyuqfi3cq 
       foreign key (user_id) 
       references user_entity (user_id)
 {executed in 19 msec}[0;39m
[2024-08-27 12:21:57 [32mINFO [0;39m restartedMain] [org.springframework.orm.jpa.LocalContainerEntityManagerFactoryBean] [36mInitialized JPA EntityManagerFactory for persistence unit 'default'[0;39m
[2024-08-27 12:21:58 [33mWARN [0;39m restartedMain] [org.springframework.boot.autoconfigure.orm.jpa.JpaBaseConfiguration$JpaWebConfiguration] [36mspring.jpa.open-in-view is enabled by default. Therefore, database queries may be performed during view rendering. Explicitly configure spring.jpa.open-in-view to disable this warning[0;39m
[2024-08-27 12:21:58 [32mINFO [0;39m restartedMain] [org.springframework.boot.devtools.autoconfigure.OptionalLiveReloadServer] [36mLiveReload server is running on port 35729[0;39m
[2024-08-27 12:21:58 [32mINFO [0;39m restartedMain] [org.springframework.boot.actuate.endpoint.web.EndpointLinksResolver] [36mExposing 1 endpoint beneath base path '/actuator'[0;39m
[2024-08-27 12:21:58 [32mINFO [0;39m restartedMain] [org.apache.coyote.http11.Http11NioProtocol] [36mStarting ProtocolHandler ["http-nio-8080"][0;39m
[2024-08-27 12:21:58 [32mINFO [0;39m restartedMain] [org.springframework.boot.web.embedded.tomcat.TomcatWebServer] [36mTomcat started on port 8080 (http) with context path '/'[0;39m
[2024-08-27 12:21:58 [32mINFO [0;39m restartedMain] [com.games.prick.PrickApplication] [36mStarted PrickApplication in 4.7 seconds (process running for 5.132)[0;39m
[2024-08-27 12:21:59 [32mINFO [0;39m RMI TCP Connection(3)-192.168.0.208] [org.apache.catalina.core.ContainerBase.[Tomcat].[localhost].[/]] [36mInitializing Spring DispatcherServlet 'dispatcherServlet'[0;39m
[2024-08-27 12:21:59 [32mINFO [0;39m RMI TCP Connection(3)-192.168.0.208] [org.springframework.web.servlet.DispatcherServlet] [36mInitializing Servlet 'dispatcherServlet'[0;39m
[2024-08-27 12:21:59 [32mINFO [0;39m RMI TCP Connection(3)-192.168.0.208] [org.springframework.web.servlet.DispatcherServlet] [36mCompleted initialization in 2 ms[0;39m
[2024-08-27 12:22:16 [32mINFO [0;39m http-nio-8080-exec-3] [org.springdoc.api.AbstractOpenApiResource] [36mInit duration for springdoc-openapi is: 49 ms[0;39m
[2024-08-27 12:23:30 [32mINFO [0;39m SpringApplicationShutdownHook] [org.springframework.orm.jpa.LocalContainerEntityManagerFactoryBean] [36mClosing JPA EntityManagerFactory for persistence unit 'default'[0;39m
[2024-08-27 12:23:30 [32mINFO [0;39m SpringApplicationShutdownHook] [com.zaxxer.hikari.HikariDataSource] [36mHikariPool-1 - Shutdown initiated...[0;39m
[2024-08-27 12:23:30 [32mINFO [0;39m SpringApplicationShutdownHook] [com.zaxxer.hikari.HikariDataSource] [36mHikariPool-1 - Shutdown completed.[0;39m
